2014-03-19 18:03:09 Error: [MissingControllerException] Controller class BweetController could not be found.
Exception Attributes: array (
  'class' => 'BweetController',
  'plugin' => NULL,
)
Request URL: /
Stack Trace:
#0 /vagrant/app/webroot/index.php(108): Dispatcher->dispatch(Object(CakeRequest), Object(CakeResponse))
#1 {main}
2014-03-19 18:03:19 Error: [MissingTableException] Table cake_sessions for model Session was not found in datasource default.
Exception Attributes: array (
  'table' => 'cake_sessions',
  'class' => 'Session',
  'ds' => 'default',
)
Request URL: /
Stack Trace:
#0 /vagrant/lib/Cake/Model/Model.php(3498): Model->setSource('cake_sessions')
#1 /vagrant/lib/Cake/Model/Model.php(2902): Model->getDataSource()
#2 /vagrant/lib/Cake/Model/Model.php(2874): Model->_readDataSource('first', Array)
#3 /vagrant/lib/Cake/Model/Datasource/Session/DatabaseSession.php(94): Model->find('first', Array)
#4 [internal function]: DatabaseSession->read('nhpkue66l7ggjg4...')
#5 /vagrant/lib/Cake/Model/Datasource/CakeSession.php(628): session_start()
#6 /vagrant/lib/Cake/Model/Datasource/CakeSession.php(197): CakeSession::_startSession()
#7 /vagrant/lib/Cake/Model/Datasource/CakeSession.php(224): CakeSession::start()
#8 /vagrant/lib/Cake/View/Helper/SessionHelper.php(121): CakeSession::check('Message.flash')
#9 /vagrant/app/View/Layouts/default.ctp(46): SessionHelper->flash()
#10 /vagrant/lib/Cake/View/View.php(935): include('/vagrant/app/Vi...')
#11 /vagrant/lib/Cake/View/View.php(897): View->_evaluate('/vagrant/app/Vi...', Array)
#12 /vagrant/lib/Cake/View/View.php(529): View->_render('/vagrant/app/Vi...')
#13 /vagrant/lib/Cake/View/View.php(474): View->renderLayout('', 'default')
#14 /vagrant/lib/Cake/Controller/Controller.php(952): View->render(NULL, NULL)
#15 /vagrant/lib/Cake/Routing/Dispatcher.php(192): Controller->render()
#16 /vagrant/lib/Cake/Routing/Dispatcher.php(160): Dispatcher->_invoke(Object(BweetsController), Object(CakeRequest), Object(CakeResponse))
#17 /vagrant/app/webroot/index.php(108): Dispatcher->dispatch(Object(CakeRequest), Object(CakeResponse))
#18 {main}
2014-03-19 18:23:53 Error: [MissingActionException] Action UsersController::index() could not be found.
Exception Attributes: array (
  'controller' => 'UsersController',
  'action' => 'index',
)
Request URL: /users
Stack Trace:
#0 /vagrant/lib/Cake/Routing/Dispatcher.php(185): Controller->invokeAction(Object(CakeRequest))
#1 /vagrant/lib/Cake/Routing/Dispatcher.php(160): Dispatcher->_invoke(Object(UsersController), Object(CakeRequest), Object(CakeResponse))
#2 /vagrant/app/webroot/index.php(108): Dispatcher->dispatch(Object(CakeRequest), Object(CakeResponse))
#3 {main}
2014-03-19 19:16:36 Error: [MethodNotAllowedException] Method Not Allowed
Request URL: /users/add
Stack Trace:
#0 /vagrant/app/Controller/UsersController.php(5): CakeRequest->onlyAllow('post')
#1 [internal function]: UsersController->add()
#2 /vagrant/lib/Cake/Controller/Controller.php(490): ReflectionMethod->invokeArgs(Object(UsersController), Array)
#3 /vagrant/lib/Cake/Routing/Dispatcher.php(185): Controller->invokeAction(Object(CakeRequest))
#4 /vagrant/lib/Cake/Routing/Dispatcher.php(160): Dispatcher->_invoke(Object(UsersController), Object(CakeRequest), Object(CakeResponse))
#5 /vagrant/app/webroot/index.php(108): Dispatcher->dispatch(Object(CakeRequest), Object(CakeResponse))
#6 {main}
2014-03-19 19:24:56 Error: Fatal Error (1): Call to a member function allow() on a non-object in [/vagrant/app/Controller/UsersController.php, line 6]
2014-03-19 19:24:56 Error: [FatalErrorException] Call to a member function allow() on a non-object
Request URL: /users/add/
Stack Trace:
#0 /vagrant/lib/Cake/Error/ErrorHandler.php(203): ErrorHandler::handleFatalError(1, 'Call to a membe...', '/vagrant/app/Co...', 6)
#1 [internal function]: ErrorHandler::handleError(1, 'Call to a membe...', '/vagrant/app/Co...', 6, Array)
#2 /vagrant/lib/Cake/Core/App.php(929): call_user_func('ErrorHandler::h...', 1, 'Call to a membe...', '/vagrant/app/Co...', 6, Array)
#3 /vagrant/lib/Cake/Core/App.php(902): App::_checkFatalError()
#4 [internal function]: App::shutdown()
#5 {main}
2014-03-19 19:26:10 Error: Fatal Error (1): Call to a member function allow() on a non-object in [/vagrant/app/Controller/UsersController.php, line 6]
2014-03-19 19:26:10 Error: [FatalErrorException] Call to a member function allow() on a non-object
Request URL: /users/add/
Stack Trace:
#0 /vagrant/lib/Cake/Error/ErrorHandler.php(203): ErrorHandler::handleFatalError(1, 'Call to a membe...', '/vagrant/app/Co...', 6)
#1 [internal function]: ErrorHandler::handleError(1, 'Call to a membe...', '/vagrant/app/Co...', 6, Array)
#2 /vagrant/lib/Cake/Core/App.php(929): call_user_func('ErrorHandler::h...', 1, 'Call to a membe...', '/vagrant/app/Co...', 6, Array)
#3 /vagrant/lib/Cake/Core/App.php(902): App::_checkFatalError()
#4 [internal function]: App::shutdown()
#5 {main}
2014-03-19 19:48:26 Error: [MethodNotAllowedException] Method Not Allowed
Request URL: /users/login
Stack Trace:
#0 /vagrant/app/Controller/UsersController.php(9): CakeRequest->onlyAllow('post')
#1 [internal function]: UsersController->login()
#2 /vagrant/lib/Cake/Controller/Controller.php(490): ReflectionMethod->invokeArgs(Object(UsersController), Array)
#3 /vagrant/lib/Cake/Routing/Dispatcher.php(185): Controller->invokeAction(Object(CakeRequest))
#4 /vagrant/lib/Cake/Routing/Dispatcher.php(160): Dispatcher->_invoke(Object(UsersController), Object(CakeRequest), Object(CakeResponse))
#5 /vagrant/app/webroot/index.php(108): Dispatcher->dispatch(Object(CakeRequest), Object(CakeResponse))
#6 {main}
2014-03-19 19:48:38 Error: [MethodNotAllowedException] Method Not Allowed
Request URL: /users/login
Stack Trace:
#0 /vagrant/app/Controller/UsersController.php(9): CakeRequest->onlyAllow('post')
#1 [internal function]: UsersController->login()
#2 /vagrant/lib/Cake/Controller/Controller.php(490): ReflectionMethod->invokeArgs(Object(UsersController), Array)
#3 /vagrant/lib/Cake/Routing/Dispatcher.php(185): Controller->invokeAction(Object(CakeRequest))
#4 /vagrant/lib/Cake/Routing/Dispatcher.php(160): Dispatcher->_invoke(Object(UsersController), Object(CakeRequest), Object(CakeResponse))
#5 /vagrant/app/webroot/index.php(108): Dispatcher->dispatch(Object(CakeRequest), Object(CakeResponse))
#6 {main}
2014-03-19 19:48:53 Error: [MethodNotAllowedException] Method Not Allowed
Request URL: /users/login
Stack Trace:
#0 /vagrant/app/Controller/UsersController.php(9): CakeRequest->onlyAllow('post')
#1 [internal function]: UsersController->login()
#2 /vagrant/lib/Cake/Controller/Controller.php(490): ReflectionMethod->invokeArgs(Object(UsersController), Array)
#3 /vagrant/lib/Cake/Routing/Dispatcher.php(185): Controller->invokeAction(Object(CakeRequest))
#4 /vagrant/lib/Cake/Routing/Dispatcher.php(160): Dispatcher->_invoke(Object(UsersController), Object(CakeRequest), Object(CakeResponse))
#5 /vagrant/app/webroot/index.php(108): Dispatcher->dispatch(Object(CakeRequest), Object(CakeResponse))
#6 {main}
2014-03-19 19:49:20 Error: [MissingViewException] View file "/vagrant/app/View/Users/login.ctp" is missing.
Exception Attributes: array (
  'file' => '/vagrant/app/View/Users/login.ctp',
)
Request URL: /users/login
Stack Trace:
#0 /vagrant/lib/Cake/View/View.php(463): View->_getViewFileName(NULL)
#1 /vagrant/lib/Cake/Controller/Controller.php(952): View->render(NULL, NULL)
#2 /vagrant/lib/Cake/Routing/Dispatcher.php(192): Controller->render()
#3 /vagrant/lib/Cake/Routing/Dispatcher.php(160): Dispatcher->_invoke(Object(UsersController), Object(CakeRequest), Object(CakeResponse))
#4 /vagrant/app/webroot/index.php(108): Dispatcher->dispatch(Object(CakeRequest), Object(CakeResponse))
#5 {main}
2014-03-19 19:50:59 Error: [MissingViewException] View file "/vagrant/app/View/Users/login.ctp" is missing.
Exception Attributes: array (
  'file' => '/vagrant/app/View/Users/login.ctp',
)
Request URL: /users/login
Stack Trace:
#0 /vagrant/lib/Cake/View/View.php(463): View->_getViewFileName(NULL)
#1 /vagrant/lib/Cake/Controller/Controller.php(952): View->render(NULL, NULL)
#2 /vagrant/lib/Cake/Routing/Dispatcher.php(192): Controller->render()
#3 /vagrant/lib/Cake/Routing/Dispatcher.php(160): Dispatcher->_invoke(Object(UsersController), Object(CakeRequest), Object(CakeResponse))
#4 /vagrant/app/webroot/index.php(108): Dispatcher->dispatch(Object(CakeRequest), Object(CakeResponse))
#5 {main}
2014-03-19 19:51:04 Error: [MissingViewException] View file "/vagrant/app/View/Users/login.ctp" is missing.
Exception Attributes: array (
  'file' => '/vagrant/app/View/Users/login.ctp',
)
Request URL: /users/login
Stack Trace:
#0 /vagrant/lib/Cake/View/View.php(463): View->_getViewFileName(NULL)
#1 /vagrant/lib/Cake/Controller/Controller.php(952): View->render(NULL, NULL)
#2 /vagrant/lib/Cake/Routing/Dispatcher.php(192): Controller->render()
#3 /vagrant/lib/Cake/Routing/Dispatcher.php(160): Dispatcher->_invoke(Object(UsersController), Object(CakeRequest), Object(CakeResponse))
#4 /vagrant/app/webroot/index.php(108): Dispatcher->dispatch(Object(CakeRequest), Object(CakeResponse))
#5 {main}
2014-03-19 19:51:20 Error: [MissingViewException] View file "/vagrant/app/View/Users/login.ctp" is missing.
Exception Attributes: array (
  'file' => '/vagrant/app/View/Users/login.ctp',
)
Request URL: /users/login
Stack Trace:
#0 /vagrant/lib/Cake/View/View.php(463): View->_getViewFileName(NULL)
#1 /vagrant/lib/Cake/Controller/Controller.php(952): View->render(NULL, NULL)
#2 /vagrant/lib/Cake/Routing/Dispatcher.php(192): Controller->render()
#3 /vagrant/lib/Cake/Routing/Dispatcher.php(160): Dispatcher->_invoke(Object(UsersController), Object(CakeRequest), Object(CakeResponse))
#4 /vagrant/app/webroot/index.php(108): Dispatcher->dispatch(Object(CakeRequest), Object(CakeResponse))
#5 {main}
2014-03-19 19:51:41 Error: [MissingActionException] Action UsersController::index() could not be found.
Exception Attributes: array (
  'controller' => 'UsersController',
  'action' => 'index',
)
Request URL: /users/
Stack Trace:
#0 /vagrant/lib/Cake/Routing/Dispatcher.php(185): Controller->invokeAction(Object(CakeRequest))
#1 /vagrant/lib/Cake/Routing/Dispatcher.php(160): Dispatcher->_invoke(Object(UsersController), Object(CakeRequest), Object(CakeResponse))
#2 /vagrant/app/webroot/index.php(108): Dispatcher->dispatch(Object(CakeRequest), Object(CakeResponse))
#3 {main}
2014-03-19 19:52:47 Error: [MissingViewException] View file "/vagrant/app/View/Users/login.ctp" is missing.
Exception Attributes: array (
  'file' => '/vagrant/app/View/Users/login.ctp',
)
Request URL: /users/login
Stack Trace:
#0 /vagrant/lib/Cake/View/View.php(463): View->_getViewFileName(NULL)
#1 /vagrant/lib/Cake/Controller/Controller.php(952): View->render(NULL, NULL)
#2 /vagrant/lib/Cake/Routing/Dispatcher.php(192): Controller->render()
#3 /vagrant/lib/Cake/Routing/Dispatcher.php(160): Dispatcher->_invoke(Object(UsersController), Object(CakeRequest), Object(CakeResponse))
#4 /vagrant/app/webroot/index.php(108): Dispatcher->dispatch(Object(CakeRequest), Object(CakeResponse))
#5 {main}
2014-03-19 19:54:40 Error: Fatal Error (1): Class 'SimplePasswordHasher' not found in [/vagrant/app/Model/User.php, line 21]
2014-03-19 19:54:40 Error: [FatalErrorException] Class 'SimplePasswordHasher' not found
Request URL: /users/add
Stack Trace:
#0 /vagrant/lib/Cake/Error/ErrorHandler.php(203): ErrorHandler::handleFatalError(1, 'Class 'SimplePa...', '/vagrant/app/Mo...', 21)
#1 [internal function]: ErrorHandler::handleError(1, 'Class 'SimplePa...', '/vagrant/app/Mo...', 21, Array)
#2 /vagrant/lib/Cake/Core/App.php(929): call_user_func('ErrorHandler::h...', 1, 'Class 'SimplePa...', '/vagrant/app/Mo...', 21, Array)
#3 /vagrant/lib/Cake/Core/App.php(902): App::_checkFatalError()
#4 [internal function]: App::shutdown()
#5 {main}
2014-03-19 20:02:09 Error: [MissingViewException] View file "/vagrant/app/View/Bweets/add.ctp" is missing.
Exception Attributes: array (
  'file' => '/vagrant/app/View/Bweets/add.ctp',
)
Request URL: /bweets/add/
Stack Trace:
#0 /vagrant/lib/Cake/View/View.php(463): View->_getViewFileName(NULL)
#1 /vagrant/lib/Cake/Controller/Controller.php(952): View->render(NULL, NULL)
#2 /vagrant/lib/Cake/Routing/Dispatcher.php(192): Controller->render()
#3 /vagrant/lib/Cake/Routing/Dispatcher.php(160): Dispatcher->_invoke(Object(BweetsController), Object(CakeRequest), Object(CakeResponse))
#4 /vagrant/app/webroot/index.php(108): Dispatcher->dispatch(Object(CakeRequest), Object(CakeResponse))
#5 {main}
2014-03-19 20:04:04 Error: [MissingActionException] Action BweetsController::users() could not be found.
Exception Attributes: array (
  'controller' => 'BweetsController',
  'action' => 'users',
)
Request URL: /bweets/users/login
Stack Trace:
#0 /vagrant/lib/Cake/Routing/Dispatcher.php(185): Controller->invokeAction(Object(CakeRequest))
#1 /vagrant/lib/Cake/Routing/Dispatcher.php(160): Dispatcher->_invoke(Object(BweetsController), Object(CakeRequest), Object(CakeResponse))
#2 /vagrant/app/webroot/index.php(108): Dispatcher->dispatch(Object(CakeRequest), Object(CakeResponse))
#3 {main}
2014-03-19 20:05:47 Error: [MissingViewException] View file "/vagrant/app/View/Bweets/add.ctp" is missing.
Exception Attributes: array (
  'file' => '/vagrant/app/View/Bweets/add.ctp',
)
Request URL: /bweets/add/
Stack Trace:
#0 /vagrant/lib/Cake/View/View.php(463): View->_getViewFileName(NULL)
#1 /vagrant/lib/Cake/Controller/Controller.php(952): View->render(NULL, NULL)
#2 /vagrant/lib/Cake/Routing/Dispatcher.php(192): Controller->render()
#3 /vagrant/lib/Cake/Routing/Dispatcher.php(160): Dispatcher->_invoke(Object(BweetsController), Object(CakeRequest), Object(CakeResponse))
#4 /vagrant/app/webroot/index.php(108): Dispatcher->dispatch(Object(CakeRequest), Object(CakeResponse))
#5 {main}
2014-03-20 17:48:34 Error: Fatal Error (4): syntax error, unexpected '<' in [/vagrant/app/View/Bweets/index.ctp, line 3]
2014-03-20 17:48:34 Error: [FatalErrorException] syntax error, unexpected '<'
Request URL: /
Stack Trace:
#0 /vagrant/lib/Cake/Error/ErrorHandler.php(203): ErrorHandler::handleFatalError(4, 'syntax error, u...', '/vagrant/app/Vi...', 3)
#1 [internal function]: ErrorHandler::handleError(4, 'syntax error, u...', '/vagrant/app/Vi...', 3, Array)
#2 /vagrant/lib/Cake/Core/App.php(929): call_user_func('ErrorHandler::h...', 4, 'syntax error, u...', '/vagrant/app/Vi...', 3, Array)
#3 /vagrant/lib/Cake/Core/App.php(902): App::_checkFatalError()
#4 [internal function]: App::shutdown()
#5 {main}
2014-03-20 18:04:24 Error: [MissingHelperException] Helper class AuthHelper could not be found.
Exception Attributes: array (
  'class' => 'AuthHelper',
  'plugin' => false,
)
Request URL: /
Stack Trace:
#0 /vagrant/lib/Cake/View/HelperCollection.php(63): HelperCollection->load('Auth')
#1 /vagrant/lib/Cake/View/View.php(824): HelperCollection->__isset('Auth')
#2 /vagrant/app/View/Bweets/index.ctp(10): View->__get('Auth')
#3 /vagrant/lib/Cake/View/View.php(935): include('/vagrant/app/Vi...')
#4 /vagrant/lib/Cake/View/View.php(897): View->_evaluate('/vagrant/app/Vi...', Array)
#5 /vagrant/lib/Cake/View/View.php(466): View->_render('/vagrant/app/Vi...')
#6 /vagrant/lib/Cake/Controller/Controller.php(952): View->render(NULL, NULL)
#7 /vagrant/lib/Cake/Routing/Dispatcher.php(192): Controller->render()
#8 /vagrant/lib/Cake/Routing/Dispatcher.php(160): Dispatcher->_invoke(Object(BweetsController), Object(CakeRequest), Object(CakeResponse))
#9 /vagrant/app/webroot/index.php(108): Dispatcher->dispatch(Object(CakeRequest), Object(CakeResponse))
#10 {main}
2014-03-20 18:04:29 Error: [MissingHelperException] Helper class AuthHelper could not be found.
Exception Attributes: array (
  'class' => 'AuthHelper',
  'plugin' => false,
)
Request URL: /
Stack Trace:
#0 /vagrant/lib/Cake/View/HelperCollection.php(63): HelperCollection->load('Auth')
#1 /vagrant/lib/Cake/View/View.php(824): HelperCollection->__isset('Auth')
#2 /vagrant/app/View/Bweets/index.ctp(10): View->__get('Auth')
#3 /vagrant/lib/Cake/View/View.php(935): include('/vagrant/app/Vi...')
#4 /vagrant/lib/Cake/View/View.php(897): View->_evaluate('/vagrant/app/Vi...', Array)
#5 /vagrant/lib/Cake/View/View.php(466): View->_render('/vagrant/app/Vi...')
#6 /vagrant/lib/Cake/Controller/Controller.php(952): View->render(NULL, NULL)
#7 /vagrant/lib/Cake/Routing/Dispatcher.php(192): Controller->render()
#8 /vagrant/lib/Cake/Routing/Dispatcher.php(160): Dispatcher->_invoke(Object(BweetsController), Object(CakeRequest), Object(CakeResponse))
#9 /vagrant/app/webroot/index.php(108): Dispatcher->dispatch(Object(CakeRequest), Object(CakeResponse))
#10 {main}
2014-03-20 18:38:34 Error: Fatal Error (4): syntax error, unexpected ')' in [/vagrant/app/Controller/BweetsController.php, line 19]
2014-03-20 18:38:34 Error: [FatalErrorException] syntax error, unexpected ')'
Request URL: /
Stack Trace:
#0 /vagrant/lib/Cake/Error/ErrorHandler.php(203): ErrorHandler::handleFatalError(4, 'syntax error, u...', '/vagrant/app/Co...', 19)
#1 [internal function]: ErrorHandler::handleError(4, 'syntax error, u...', '/vagrant/app/Co...', 19, Array)
#2 /vagrant/lib/Cake/Core/App.php(929): call_user_func('ErrorHandler::h...', 4, 'syntax error, u...', '/vagrant/app/Co...', 19, Array)
#3 /vagrant/lib/Cake/Core/App.php(902): App::_checkFatalError()
#4 [internal function]: App::shutdown()
#5 {main}
2014-03-20 18:43:10 Error: Fatal Error (4): syntax error, unexpected end of file in [/vagrant/app/View/Bweets/index.ctp, line 19]
2014-03-20 18:43:10 Error: [FatalErrorException] syntax error, unexpected end of file
Request URL: /
Stack Trace:
#0 /vagrant/lib/Cake/Error/ErrorHandler.php(203): ErrorHandler::handleFatalError(4, 'syntax error, u...', '/vagrant/app/Vi...', 19)
#1 [internal function]: ErrorHandler::handleError(4, 'syntax error, u...', '/vagrant/app/Vi...', 19, Array)
#2 /vagrant/lib/Cake/Core/App.php(929): call_user_func('ErrorHandler::h...', 4, 'syntax error, u...', '/vagrant/app/Vi...', 19, Array)
#3 /vagrant/lib/Cake/Core/App.php(902): App::_checkFatalError()
#4 [internal function]: App::shutdown()
#5 {main}
2014-03-20 18:43:36 Error: Fatal Error (4): syntax error, unexpected end of file in [/vagrant/app/View/Bweets/index.ctp, line 19]
2014-03-20 18:43:36 Error: [FatalErrorException] syntax error, unexpected end of file
Request URL: /
Stack Trace:
#0 /vagrant/lib/Cake/Error/ErrorHandler.php(203): ErrorHandler::handleFatalError(4, 'syntax error, u...', '/vagrant/app/Vi...', 19)
#1 [internal function]: ErrorHandler::handleError(4, 'syntax error, u...', '/vagrant/app/Vi...', 19, Array)
#2 /vagrant/lib/Cake/Core/App.php(929): call_user_func('ErrorHandler::h...', 4, 'syntax error, u...', '/vagrant/app/Vi...', 19, Array)
#3 /vagrant/lib/Cake/Core/App.php(902): App::_checkFatalError()
#4 [internal function]: App::shutdown()
#5 {main}
2014-03-20 19:31:51 Error: Fatal Error (4): syntax error, unexpected 'echo' (T_ECHO), expecting ',' or ';' in [/vagrant/app/View/Bweets/index.ctp, line 5]
2014-03-20 19:31:51 Error: [FatalErrorException] syntax error, unexpected 'echo' (T_ECHO), expecting ',' or ';'
Request URL: /
Stack Trace:
#0 /vagrant/lib/Cake/Error/ErrorHandler.php(203): ErrorHandler::handleFatalError(4, 'syntax error, u...', '/vagrant/app/Vi...', 5)
#1 [internal function]: ErrorHandler::handleError(4, 'syntax error, u...', '/vagrant/app/Vi...', 5, Array)
#2 /vagrant/lib/Cake/Core/App.php(929): call_user_func('ErrorHandler::h...', 4, 'syntax error, u...', '/vagrant/app/Vi...', 5, Array)
#3 /vagrant/lib/Cake/Core/App.php(902): App::_checkFatalError()
#4 [internal function]: App::shutdown()
#5 {main}
2014-03-20 20:58:15 Error: Fatal Error (4): syntax error, unexpected ''icon'' (T_CONSTANT_ENCAPSED_STRING), expecting ')' in [/vagrant/app/Model/User.php, line 20]
2014-03-20 20:58:15 Error: [FatalErrorException] syntax error, unexpected ''icon'' (T_CONSTANT_ENCAPSED_STRING), expecting ')'
Request URL: /users/add
Stack Trace:
#0 /vagrant/lib/Cake/Error/ErrorHandler.php(203): ErrorHandler::handleFatalError(4, 'syntax error, u...', '/vagrant/app/Mo...', 20)
#1 [internal function]: ErrorHandler::handleError(4, 'syntax error, u...', '/vagrant/app/Mo...', 20, Array)
#2 /vagrant/lib/Cake/Core/App.php(929): call_user_func('ErrorHandler::h...', 4, 'syntax error, u...', '/vagrant/app/Mo...', 20, Array)
#3 /vagrant/lib/Cake/Core/App.php(902): App::_checkFatalError()
#4 [internal function]: App::shutdown()
#5 {main}
2014-03-20 21:02:27 Error: Fatal Error (4): syntax error, unexpected ';' in [/vagrant/app/View/Users/add.ctp, line 3]
2014-03-20 21:02:27 Error: [FatalErrorException] syntax error, unexpected ';'
Request URL: /users/add
Stack Trace:
#0 /vagrant/lib/Cake/Error/ErrorHandler.php(203): ErrorHandler::handleFatalError(4, 'syntax error, u...', '/vagrant/app/Vi...', 3)
#1 [internal function]: ErrorHandler::handleError(4, 'syntax error, u...', '/vagrant/app/Vi...', 3, Array)
#2 /vagrant/lib/Cake/Core/App.php(929): call_user_func('ErrorHandler::h...', 4, 'syntax error, u...', '/vagrant/app/Vi...', 3, Array)
#3 /vagrant/lib/Cake/Core/App.php(902): App::_checkFatalError()
#4 [internal function]: App::shutdown()
#5 {main}
2014-03-20 21:03:04 Error: [MissingActionException] Action UsersController::upload() could not be found.
Exception Attributes: array (
  'controller' => 'UsersController',
  'action' => 'upload',
)
Request URL: /users/upload
Stack Trace:
#0 /vagrant/lib/Cake/Routing/Dispatcher.php(185): Controller->invokeAction(Object(CakeRequest))
#1 /vagrant/lib/Cake/Routing/Dispatcher.php(160): Dispatcher->_invoke(Object(UsersController), Object(CakeRequest), Object(CakeResponse))
#2 /vagrant/app/webroot/index.php(108): Dispatcher->dispatch(Object(CakeRequest), Object(CakeResponse))
#3 {main}
2014-03-20 21:05:41 Error: [MissingActionException] Action UsersController::upload() could not be found.
Exception Attributes: array (
  'controller' => 'UsersController',
  'action' => 'upload',
)
Request URL: /users/upload
Stack Trace:
#0 /vagrant/lib/Cake/Routing/Dispatcher.php(185): Controller->invokeAction(Object(CakeRequest))
#1 /vagrant/lib/Cake/Routing/Dispatcher.php(160): Dispatcher->_invoke(Object(UsersController), Object(CakeRequest), Object(CakeResponse))
#2 /vagrant/app/webroot/index.php(108): Dispatcher->dispatch(Object(CakeRequest), Object(CakeResponse))
#3 {main}
2014-03-20 22:02:11 Error: Fatal Error (4): syntax error, unexpected ',' in [/vagrant/app/Controller/UsersController.php, line 30]
2014-03-20 22:02:11 Error: [FatalErrorException] syntax error, unexpected ','
Request URL: /users/login
Stack Trace:
#0 /vagrant/lib/Cake/Error/ErrorHandler.php(203): ErrorHandler::handleFatalError(4, 'syntax error, u...', '/vagrant/app/Co...', 30)
#1 [internal function]: ErrorHandler::handleError(4, 'syntax error, u...', '/vagrant/app/Co...', 30, Array)
#2 /vagrant/lib/Cake/Core/App.php(929): call_user_func('ErrorHandler::h...', 4, 'syntax error, u...', '/vagrant/app/Co...', 30, Array)
#3 /vagrant/lib/Cake/Core/App.php(902): App::_checkFatalError()
#4 [internal function]: App::shutdown()
#5 {main}
2014-03-20 22:14:35 Error: Fatal Error (4): syntax error, unexpected 'password' (T_STRING), expecting ']' in [/vagrant/app/Controller/UsersController.php, line 28]
2014-03-20 22:14:35 Error: [FatalErrorException] syntax error, unexpected 'password' (T_STRING), expecting ']'
Request URL: /users/add
Stack Trace:
#0 /vagrant/lib/Cake/Error/ErrorHandler.php(203): ErrorHandler::handleFatalError(4, 'syntax error, u...', '/vagrant/app/Co...', 28)
#1 [internal function]: ErrorHandler::handleError(4, 'syntax error, u...', '/vagrant/app/Co...', 28, Array)
#2 /vagrant/lib/Cake/Core/App.php(929): call_user_func('ErrorHandler::h...', 4, 'syntax error, u...', '/vagrant/app/Co...', 28, Array)
#3 /vagrant/lib/Cake/Core/App.php(902): App::_checkFatalError()
#4 [internal function]: App::shutdown()
#5 {main}
2014-03-20 22:25:55 Error: Fatal Error (4): syntax error, unexpected '　　　print' (T_STRING) in [/vagrant/app/Controller/UsersController.php, line 32]
2014-03-20 22:25:55 Error: [FatalErrorException] syntax error, unexpected '　　　print' (T_STRING)
Request URL: /users/add
Stack Trace:
#0 /vagrant/lib/Cake/Error/ErrorHandler.php(203): ErrorHandler::handleFatalError(4, 'syntax error, u...', '/vagrant/app/Co...', 32)
#1 [internal function]: ErrorHandler::handleError(4, 'syntax error, u...', '/vagrant/app/Co...', 32, Array)
#2 /vagrant/lib/Cake/Core/App.php(929): call_user_func('ErrorHandler::h...', 4, 'syntax error, u...', '/vagrant/app/Co...', 32, Array)
#3 /vagrant/lib/Cake/Core/App.php(902): App::_checkFatalError()
#4 [internal function]: App::shutdown()
#5 {main}
2014-03-20 22:26:12 Error: Fatal Error (4): syntax error, unexpected '}' in [/vagrant/app/Controller/UsersController.php, line 32]
2014-03-20 22:26:12 Error: [FatalErrorException] syntax error, unexpected '}'
Request URL: /users/add
Stack Trace:
#0 /vagrant/lib/Cake/Error/ErrorHandler.php(203): ErrorHandler::handleFatalError(4, 'syntax error, u...', '/vagrant/app/Co...', 32)
#1 [internal function]: ErrorHandler::handleError(4, 'syntax error, u...', '/vagrant/app/Co...', 32, Array)
#2 /vagrant/lib/Cake/Core/App.php(929): call_user_func('ErrorHandler::h...', 4, 'syntax error, u...', '/vagrant/app/Co...', 32, Array)
#3 /vagrant/lib/Cake/Core/App.php(902): App::_checkFatalError()
#4 [internal function]: App::shutdown()
#5 {main}
2014-03-20 22:26:19 Error: Fatal Error (4): syntax error, unexpected '}' in [/vagrant/app/Controller/UsersController.php, line 32]
2014-03-20 22:26:19 Error: [FatalErrorException] syntax error, unexpected '}'
Request URL: /users/add
Stack Trace:
#0 /vagrant/lib/Cake/Error/ErrorHandler.php(203): ErrorHandler::handleFatalError(4, 'syntax error, u...', '/vagrant/app/Co...', 32)
#1 [internal function]: ErrorHandler::handleError(4, 'syntax error, u...', '/vagrant/app/Co...', 32, Array)
#2 /vagrant/lib/Cake/Core/App.php(929): call_user_func('ErrorHandler::h...', 4, 'syntax error, u...', '/vagrant/app/Co...', 32, Array)
#3 /vagrant/lib/Cake/Core/App.php(902): App::_checkFatalError()
#4 [internal function]: App::shutdown()
#5 {main}
2014-03-20 22:59:57 Error: Fatal Error (1): Call to a member function image() on a non-object in [/vagrant/app/View/Bweets/index.ctp, line 5]
2014-03-20 22:59:57 Error: [FatalErrorException] Call to a member function image() on a non-object
Request URL: /
Stack Trace:
#0 /vagrant/lib/Cake/Error/ErrorHandler.php(203): ErrorHandler::handleFatalError(1, 'Call to a membe...', '/vagrant/app/Vi...', 5)
#1 [internal function]: ErrorHandler::handleError(1, 'Call to a membe...', '/vagrant/app/Vi...', 5, Array)
#2 /vagrant/lib/Cake/Core/App.php(929): call_user_func('ErrorHandler::h...', 1, 'Call to a membe...', '/vagrant/app/Vi...', 5, Array)
#3 /vagrant/lib/Cake/Core/App.php(902): App::_checkFatalError()
#4 [internal function]: App::shutdown()
#5 {main}
2014-03-20 23:00:28 Error: [MissingControllerException] Controller class VagrantController could not be found.
Exception Attributes: array (
  'class' => 'VagrantController',
  'plugin' => NULL,
)
Request URL: /vagrant/app/webroot/icons/unchi.jpg
Stack Trace:
#0 /vagrant/app/webroot/index.php(108): Dispatcher->dispatch(Object(CakeRequest), Object(CakeResponse))
#1 {main}
2014-03-20 23:00:33 Error: [MissingControllerException] Controller class VagrantController could not be found.
Exception Attributes: array (
  'class' => 'VagrantController',
  'plugin' => NULL,
)
Request URL: /vagrant/app/webroot/icons/unchi.jpg
Stack Trace:
#0 /vagrant/app/webroot/index.php(108): Dispatcher->dispatch(Object(CakeRequest), Object(CakeResponse))
#1 {main}
2014-03-20 23:01:41 Error: [MissingControllerException] Controller class ImgController could not be found.
Exception Attributes: array (
  'class' => 'ImgController',
  'plugin' => NULL,
)
Request URL: /img/icons/unchi.jpg
Stack Trace:
#0 /vagrant/app/webroot/index.php(108): Dispatcher->dispatch(Object(CakeRequest), Object(CakeResponse))
#1 {main}
2014-03-20 23:06:14 Error: [MissingControllerException] Controller class IconsController could not be found.
Exception Attributes: array (
  'class' => 'IconsController',
  'plugin' => NULL,
)
Request URL: /icons/.jpg
Stack Trace:
#0 /vagrant/app/webroot/index.php(108): Dispatcher->dispatch(Object(CakeRequest), Object(CakeResponse))
#1 {main}
2014-03-20 23:06:14 Error: [MissingControllerException] Controller class IconsController could not be found.
Exception Attributes: array (
  'class' => 'IconsController',
  'plugin' => NULL,
)
Request URL: /icons/piyo.jpg
Stack Trace:
#0 /vagrant/app/webroot/index.php(108): Dispatcher->dispatch(Object(CakeRequest), Object(CakeResponse))
#1 {main}
2014-03-20 23:06:32 Error: [MissingControllerException] Controller class IconsController could not be found.
Exception Attributes: array (
  'class' => 'IconsController',
  'plugin' => NULL,
)
Request URL: /icons/.jpg
Stack Trace:
#0 /vagrant/app/webroot/index.php(108): Dispatcher->dispatch(Object(CakeRequest), Object(CakeResponse))
#1 {main}
2014-03-20 23:06:32 Error: [MissingControllerException] Controller class IconsController could not be found.
Exception Attributes: array (
  'class' => 'IconsController',
  'plugin' => NULL,
)
Request URL: /icons/piyo.jpg
Stack Trace:
#0 /vagrant/app/webroot/index.php(108): Dispatcher->dispatch(Object(CakeRequest), Object(CakeResponse))
#1 {main}
2014-03-20 23:07:23 Error: [MissingControllerException] Controller class IconsController could not be found.
Exception Attributes: array (
  'class' => 'IconsController',
  'plugin' => NULL,
)
Request URL: /icons/.jpg
Stack Trace:
#0 /vagrant/app/webroot/index.php(108): Dispatcher->dispatch(Object(CakeRequest), Object(CakeResponse))
#1 {main}
2014-03-20 23:07:23 Error: [MissingControllerException] Controller class IconsController could not be found.
Exception Attributes: array (
  'class' => 'IconsController',
  'plugin' => NULL,
)
Request URL: /icons/piyo.jpg
Stack Trace:
#0 /vagrant/app/webroot/index.php(108): Dispatcher->dispatch(Object(CakeRequest), Object(CakeResponse))
#1 {main}
2014-03-20 23:07:46 Error: [MissingControllerException] Controller class IconsController could not be found.
Exception Attributes: array (
  'class' => 'IconsController',
  'plugin' => NULL,
)
Request URL: /icons/.jpg
Stack Trace:
#0 /vagrant/app/webroot/index.php(108): Dispatcher->dispatch(Object(CakeRequest), Object(CakeResponse))
#1 {main}
2014-03-20 23:07:46 Error: [MissingControllerException] Controller class IconsController could not be found.
Exception Attributes: array (
  'class' => 'IconsController',
  'plugin' => NULL,
)
Request URL: /icons/piyo.jpg
Stack Trace:
#0 /vagrant/app/webroot/index.php(108): Dispatcher->dispatch(Object(CakeRequest), Object(CakeResponse))
#1 {main}
2014-03-20 23:08:12 Error: [MissingControllerException] Controller class IconsController could not be found.
Exception Attributes: array (
  'class' => 'IconsController',
  'plugin' => NULL,
)
Request URL: /icons/.jpg
Stack Trace:
#0 /vagrant/app/webroot/index.php(108): Dispatcher->dispatch(Object(CakeRequest), Object(CakeResponse))
#1 {main}
2014-03-20 23:08:12 Error: [MissingControllerException] Controller class IconsController could not be found.
Exception Attributes: array (
  'class' => 'IconsController',
  'plugin' => NULL,
)
Request URL: /icons/piyo.jpg
Stack Trace:
#0 /vagrant/app/webroot/index.php(108): Dispatcher->dispatch(Object(CakeRequest), Object(CakeResponse))
#1 {main}
2014-03-20 23:11:15 Error: [MissingControllerException] Controller class IconsController could not be found.
Exception Attributes: array (
  'class' => 'IconsController',
  'plugin' => NULL,
)
Request URL: /icons/.jpg
Stack Trace:
#0 /vagrant/app/webroot/index.php(108): Dispatcher->dispatch(Object(CakeRequest), Object(CakeResponse))
#1 {main}
2014-03-20 23:11:15 Error: [MissingControllerException] Controller class IconsController could not be found.
Exception Attributes: array (
  'class' => 'IconsController',
  'plugin' => NULL,
)
Request URL: /icons/piyo.jpg
Stack Trace:
#0 /vagrant/app/webroot/index.php(108): Dispatcher->dispatch(Object(CakeRequest), Object(CakeResponse))
#1 {main}
2014-03-20 23:12:59 Error: [MissingControllerException] Controller class IconsController could not be found.
Exception Attributes: array (
  'class' => 'IconsController',
  'plugin' => NULL,
)
Request URL: /icons/.jpg
Stack Trace:
#0 /vagrant/app/webroot/index.php(108): Dispatcher->dispatch(Object(CakeRequest), Object(CakeResponse))
#1 {main}
2014-03-20 23:12:59 Error: [MissingControllerException] Controller class IconsController could not be found.
Exception Attributes: array (
  'class' => 'IconsController',
  'plugin' => NULL,
)
Request URL: /icons/piyo.jpg
Stack Trace:
#0 /vagrant/app/webroot/index.php(108): Dispatcher->dispatch(Object(CakeRequest), Object(CakeResponse))
#1 {main}
2014-03-20 23:13:18 Error: [MissingControllerException] Controller class IconsController could not be found.
Exception Attributes: array (
  'class' => 'IconsController',
  'plugin' => NULL,
)
Request URL: /icons/piyo.jpg
Stack Trace:
#0 /vagrant/app/webroot/index.php(108): Dispatcher->dispatch(Object(CakeRequest), Object(CakeResponse))
#1 {main}
2014-03-20 23:13:18 Error: [MissingControllerException] Controller class IconsController could not be found.
Exception Attributes: array (
  'class' => 'IconsController',
  'plugin' => NULL,
)
Request URL: /icons/.jpg
Stack Trace:
#0 /vagrant/app/webroot/index.php(108): Dispatcher->dispatch(Object(CakeRequest), Object(CakeResponse))
#1 {main}
2014-03-20 23:14:25 Error: [MissingControllerException] Controller class IconsController could not be found.
Exception Attributes: array (
  'class' => 'IconsController',
  'plugin' => NULL,
)
Request URL: /icons/piyo.jpg
Stack Trace:
#0 /vagrant/app/webroot/index.php(108): Dispatcher->dispatch(Object(CakeRequest), Object(CakeResponse))
#1 {main}
2014-03-20 23:17:12 Error: [MissingControllerException] Controller class IconsController could not be found.
Exception Attributes: array (
  'class' => 'IconsController',
  'plugin' => NULL,
)
Request URL: /icons/piyo.jpg
Stack Trace:
#0 /vagrant/app/webroot/index.php(108): Dispatcher->dispatch(Object(CakeRequest), Object(CakeResponse))
#1 {main}
2014-03-20 23:17:19 Error: [MissingControllerException] Controller class IconsController could not be found.
Exception Attributes: array (
  'class' => 'IconsController',
  'plugin' => NULL,
)
Request URL: /icons/piyo.jpg
Stack Trace:
#0 /vagrant/app/webroot/index.php(108): Dispatcher->dispatch(Object(CakeRequest), Object(CakeResponse))
#1 {main}
2014-03-20 23:17:30 Error: [MissingControllerException] Controller class IconsController could not be found.
Exception Attributes: array (
  'class' => 'IconsController',
  'plugin' => NULL,
)
Request URL: /icons/piyo.jpg
Stack Trace:
#0 /vagrant/app/webroot/index.php(108): Dispatcher->dispatch(Object(CakeRequest), Object(CakeResponse))
#1 {main}
2014-03-21 00:11:39 Error: [PrivateActionException] Private Action BweetsController::moreShow() is not directly accessible.
Exception Attributes: array (
  'controller' => 'BweetsController',
  'action' => 'moreShow',
)
Request URL: /bweets/moreShow
Stack Trace:
#0 /vagrant/lib/Cake/Routing/Dispatcher.php(185): Controller->invokeAction(Object(CakeRequest))
#1 /vagrant/lib/Cake/Routing/Dispatcher.php(160): Dispatcher->_invoke(Object(BweetsController), Object(CakeRequest), Object(CakeResponse))
#2 /vagrant/app/webroot/index.php(108): Dispatcher->dispatch(Object(CakeRequest), Object(CakeResponse))
#3 {main}
2014-03-21 00:11:56 Error: [MissingViewException] View file "/vagrant/app/View/Bweets/more_show.ctp" is missing.
Exception Attributes: array (
  'file' => '/vagrant/app/View/Bweets/more_show.ctp',
)
Request URL: /bweets/moreShow
Stack Trace:
#0 /vagrant/lib/Cake/View/View.php(463): View->_getViewFileName(NULL)
#1 /vagrant/lib/Cake/Controller/Controller.php(952): View->render(NULL, NULL)
#2 /vagrant/lib/Cake/Routing/Dispatcher.php(192): Controller->render()
#3 /vagrant/lib/Cake/Routing/Dispatcher.php(160): Dispatcher->_invoke(Object(BweetsController), Object(CakeRequest), Object(CakeResponse))
#4 /vagrant/app/webroot/index.php(108): Dispatcher->dispatch(Object(CakeRequest), Object(CakeResponse))
#5 {main}
2014-03-21 00:13:02 Error: [MissingViewException] View file "/vagrant/app/View/Bweets/show.ctp" is missing.
Exception Attributes: array (
  'file' => '/vagrant/app/View/Bweets/show.ctp',
)
Request URL: /bweets/show
Stack Trace:
#0 /vagrant/lib/Cake/View/View.php(463): View->_getViewFileName(NULL)
#1 /vagrant/lib/Cake/Controller/Controller.php(952): View->render(NULL, NULL)
#2 /vagrant/lib/Cake/Routing/Dispatcher.php(192): Controller->render()
#3 /vagrant/lib/Cake/Routing/Dispatcher.php(160): Dispatcher->_invoke(Object(BweetsController), Object(CakeRequest), Object(CakeResponse))
#4 /vagrant/app/webroot/index.php(108): Dispatcher->dispatch(Object(CakeRequest), Object(CakeResponse))
#5 {main}
2014-03-21 00:13:45 Error: [MissingViewException] View file "/vagrant/app/View/Bweets/show.ctp" is missing.
Exception Attributes: array (
  'file' => '/vagrant/app/View/Bweets/show.ctp',
)
Request URL: /bweets/show
Stack Trace:
#0 /vagrant/lib/Cake/View/View.php(463): View->_getViewFileName(NULL)
#1 /vagrant/lib/Cake/Controller/Controller.php(952): View->render(NULL, NULL)
#2 /vagrant/lib/Cake/Routing/Dispatcher.php(192): Controller->render()
#3 /vagrant/lib/Cake/Routing/Dispatcher.php(160): Dispatcher->_invoke(Object(BweetsController), Object(CakeRequest), Object(CakeResponse))
#4 /vagrant/app/webroot/index.php(108): Dispatcher->dispatch(Object(CakeRequest), Object(CakeResponse))
#5 {main}
2014-03-21 00:15:27 Error: [MissingViewException] View file "/vagrant/app/View/Bweets/show.ctp" is missing.
Exception Attributes: array (
  'file' => '/vagrant/app/View/Bweets/show.ctp',
)
Request URL: /bweets/show
Stack Trace:
#0 /vagrant/lib/Cake/View/View.php(463): View->_getViewFileName(NULL)
#1 /vagrant/lib/Cake/Controller/Controller.php(952): View->render(NULL, NULL)
#2 /vagrant/lib/Cake/Routing/Dispatcher.php(192): Controller->render()
#3 /vagrant/lib/Cake/Routing/Dispatcher.php(160): Dispatcher->_invoke(Object(BweetsController), Object(CakeRequest), Object(CakeResponse))
#4 /vagrant/app/webroot/index.php(108): Dispatcher->dispatch(Object(CakeRequest), Object(CakeResponse))
#5 {main}
2014-03-21 00:15:39 Error: [MissingViewException] View file "/vagrant/app/View/Bweets/show.ctp" is missing.
Exception Attributes: array (
  'file' => '/vagrant/app/View/Bweets/show.ctp',
)
Request URL: /bweets/show
Stack Trace:
#0 /vagrant/lib/Cake/View/View.php(463): View->_getViewFileName(NULL)
#1 /vagrant/lib/Cake/Controller/Controller.php(952): View->render(NULL, NULL)
#2 /vagrant/lib/Cake/Routing/Dispatcher.php(192): Controller->render()
#3 /vagrant/lib/Cake/Routing/Dispatcher.php(160): Dispatcher->_invoke(Object(BweetsController), Object(CakeRequest), Object(CakeResponse))
#4 /vagrant/app/webroot/index.php(108): Dispatcher->dispatch(Object(CakeRequest), Object(CakeResponse))
#5 {main}
2014-03-21 00:16:40 Error: [MissingActionException] Action BweetsController::show() could not be found.
Exception Attributes: array (
  'controller' => 'BweetsController',
  'action' => 'show',
)
Request URL: /bweets/show
Stack Trace:
#0 /vagrant/lib/Cake/Routing/Dispatcher.php(185): Controller->invokeAction(Object(CakeRequest))
#1 /vagrant/lib/Cake/Routing/Dispatcher.php(160): Dispatcher->_invoke(Object(BweetsController), Object(CakeRequest), Object(CakeResponse))
#2 /vagrant/app/webroot/index.php(108): Dispatcher->dispatch(Object(CakeRequest), Object(CakeResponse))
#3 {main}
2014-03-21 00:16:49 Error: [MissingViewException] View file "/vagrant/app/View/Bweets/more_show.ctp" is missing.
Exception Attributes: array (
  'file' => '/vagrant/app/View/Bweets/more_show.ctp',
)
Request URL: /bweets/moreShow
Stack Trace:
#0 /vagrant/lib/Cake/View/View.php(463): View->_getViewFileName(NULL)
#1 /vagrant/lib/Cake/Controller/Controller.php(952): View->render(NULL, NULL)
#2 /vagrant/lib/Cake/Routing/Dispatcher.php(192): Controller->render()
#3 /vagrant/lib/Cake/Routing/Dispatcher.php(160): Dispatcher->_invoke(Object(BweetsController), Object(CakeRequest), Object(CakeResponse))
#4 /vagrant/app/webroot/index.php(108): Dispatcher->dispatch(Object(CakeRequest), Object(CakeResponse))
#5 {main}
2014-03-21 00:25:22 Error: Fatal Error (4): syntax error, unexpected '$order' (T_VARIABLE), expecting function (T_FUNCTION) in [/vagrant/app/Model/Bweet.php, line 15]
2014-03-21 00:25:22 Error: [FatalErrorException] syntax error, unexpected '$order' (T_VARIABLE), expecting function (T_FUNCTION)
Request URL: /
Stack Trace:
#0 /vagrant/lib/Cake/Error/ErrorHandler.php(203): ErrorHandler::handleFatalError(4, 'syntax error, u...', '/vagrant/app/Mo...', 15)
#1 [internal function]: ErrorHandler::handleError(4, 'syntax error, u...', '/vagrant/app/Mo...', 15, Array)
#2 /vagrant/lib/Cake/Core/App.php(929): call_user_func('ErrorHandler::h...', 4, 'syntax error, u...', '/vagrant/app/Mo...', 15, Array)
#3 /vagrant/lib/Cake/Core/App.php(902): App::_checkFatalError()
#4 [internal function]: App::shutdown()
#5 {main}
2014-03-21 00:25:29 Error: Fatal Error (4): syntax error, unexpected '$order' (T_VARIABLE), expecting function (T_FUNCTION) in [/vagrant/app/Model/Bweet.php, line 15]
2014-03-21 00:25:29 Error: [FatalErrorException] syntax error, unexpected '$order' (T_VARIABLE), expecting function (T_FUNCTION)
Request URL: /
Stack Trace:
#0 /vagrant/lib/Cake/Error/ErrorHandler.php(203): ErrorHandler::handleFatalError(4, 'syntax error, u...', '/vagrant/app/Mo...', 15)
#1 [internal function]: ErrorHandler::handleError(4, 'syntax error, u...', '/vagrant/app/Mo...', 15, Array)
#2 /vagrant/lib/Cake/Core/App.php(929): call_user_func('ErrorHandler::h...', 4, 'syntax error, u...', '/vagrant/app/Mo...', 15, Array)
#3 /vagrant/lib/Cake/Core/App.php(902): App::_checkFatalError()
#4 [internal function]: App::shutdown()
#5 {main}
2014-03-21 00:25:31 Error: Fatal Error (4): syntax error, unexpected '$order' (T_VARIABLE), expecting function (T_FUNCTION) in [/vagrant/app/Model/Bweet.php, line 15]
2014-03-21 00:25:31 Error: [FatalErrorException] syntax error, unexpected '$order' (T_VARIABLE), expecting function (T_FUNCTION)
Request URL: /
Stack Trace:
#0 /vagrant/lib/Cake/Error/ErrorHandler.php(203): ErrorHandler::handleFatalError(4, 'syntax error, u...', '/vagrant/app/Mo...', 15)
#1 [internal function]: ErrorHandler::handleError(4, 'syntax error, u...', '/vagrant/app/Mo...', 15, Array)
#2 /vagrant/lib/Cake/Core/App.php(929): call_user_func('ErrorHandler::h...', 4, 'syntax error, u...', '/vagrant/app/Mo...', 15, Array)
#3 /vagrant/lib/Cake/Core/App.php(902): App::_checkFatalError()
#4 [internal function]: App::shutdown()
#5 {main}
2014-03-21 00:26:41 Error: Fatal Error (4): syntax error, unexpected '$order' (T_VARIABLE), expecting function (T_FUNCTION) in [/vagrant/app/Model/Bweet.php, line 15]
2014-03-21 00:26:41 Error: [FatalErrorException] syntax error, unexpected '$order' (T_VARIABLE), expecting function (T_FUNCTION)
Request URL: /
Stack Trace:
#0 /vagrant/lib/Cake/Error/ErrorHandler.php(203): ErrorHandler::handleFatalError(4, 'syntax error, u...', '/vagrant/app/Mo...', 15)
#1 [internal function]: ErrorHandler::handleError(4, 'syntax error, u...', '/vagrant/app/Mo...', 15, Array)
#2 /vagrant/lib/Cake/Core/App.php(929): call_user_func('ErrorHandler::h...', 4, 'syntax error, u...', '/vagrant/app/Mo...', 15, Array)
#3 /vagrant/lib/Cake/Core/App.php(902): App::_checkFatalError()
#4 [internal function]: App::shutdown()
#5 {main}
2014-03-21 00:27:00 Error: [PDOException] SQLSTATE[42S22]: Column not found: 1054 Unknown column 'created.id' in 'order clause'
Request URL: /
Stack Trace:
#0 /vagrant/lib/Cake/Model/Datasource/DboSource.php(458): PDOStatement->execute(Array)
#1 /vagrant/lib/Cake/Model/Datasource/DboSource.php(424): DboSource->_execute('SELECT `Bweet`....', Array)
#2 /vagrant/lib/Cake/Model/Datasource/DboSource.php(665): DboSource->execute('SELECT `Bweet`....', Array, Array)
#3 /vagrant/lib/Cake/Model/Datasource/DboSource.php(1077): DboSource->fetchAll('SELECT `Bweet`....', false)
#4 /vagrant/lib/Cake/Model/Model.php(2902): DboSource->read(Object(Bweet), Array)
#5 /vagrant/lib/Cake/Model/Model.php(2874): Model->_readDataSource('all', Array)
#6 /vagrant/app/Controller/BweetsController.php(10): Model->find('all')
#7 [internal function]: BweetsController->index()
#8 /vagrant/lib/Cake/Controller/Controller.php(490): ReflectionMethod->invokeArgs(Object(BweetsController), Array)
#9 /vagrant/lib/Cake/Routing/Dispatcher.php(185): Controller->invokeAction(Object(CakeRequest))
#10 /vagrant/lib/Cake/Routing/Dispatcher.php(160): Dispatcher->_invoke(Object(BweetsController), Object(CakeRequest), Object(CakeResponse))
#11 /vagrant/app/webroot/index.php(108): Dispatcher->dispatch(Object(CakeRequest), Object(CakeResponse))
#12 {main}
2014-03-21 00:27:18 Error: [PDOException] SQLSTATE[42000]: Syntax error or access violation: 1064 You have an error in your SQL syntax; check the manual that corresponds to your MySQL server version for the right syntax to use near 'des ASC' at line 1
Request URL: /
Stack Trace:
#0 /vagrant/lib/Cake/Model/Datasource/DboSource.php(458): PDOStatement->execute(Array)
#1 /vagrant/lib/Cake/Model/Datasource/DboSource.php(424): DboSource->_execute('SELECT `Bweet`....', Array)
#2 /vagrant/lib/Cake/Model/Datasource/DboSource.php(665): DboSource->execute('SELECT `Bweet`....', Array, Array)
#3 /vagrant/lib/Cake/Model/Datasource/DboSource.php(1077): DboSource->fetchAll('SELECT `Bweet`....', false)
#4 /vagrant/lib/Cake/Model/Model.php(2902): DboSource->read(Object(Bweet), Array)
#5 /vagrant/lib/Cake/Model/Model.php(2874): Model->_readDataSource('all', Array)
#6 /vagrant/app/Controller/BweetsController.php(10): Model->find('all')
#7 [internal function]: BweetsController->index()
#8 /vagrant/lib/Cake/Controller/Controller.php(490): ReflectionMethod->invokeArgs(Object(BweetsController), Array)
#9 /vagrant/lib/Cake/Routing/Dispatcher.php(185): Controller->invokeAction(Object(CakeRequest))
#10 /vagrant/lib/Cake/Routing/Dispatcher.php(160): Dispatcher->_invoke(Object(BweetsController), Object(CakeRequest), Object(CakeResponse))
#11 /vagrant/app/webroot/index.php(108): Dispatcher->dispatch(Object(CakeRequest), Object(CakeResponse))
#12 {main}
2014-03-21 00:40:06 Error: Fatal Error (4): syntax error, unexpected '=>' (T_DOUBLE_ARROW) in [/vagrant/app/Controller/BweetsController.php, line 12]
2014-03-21 00:40:06 Error: [FatalErrorException] syntax error, unexpected '=>' (T_DOUBLE_ARROW)
Request URL: /
Stack Trace:
#0 /vagrant/lib/Cake/Error/ErrorHandler.php(203): ErrorHandler::handleFatalError(4, 'syntax error, u...', '/vagrant/app/Co...', 12)
#1 [internal function]: ErrorHandler::handleError(4, 'syntax error, u...', '/vagrant/app/Co...', 12, Array)
#2 /vagrant/lib/Cake/Core/App.php(929): call_user_func('ErrorHandler::h...', 4, 'syntax error, u...', '/vagrant/app/Co...', 12, Array)
#3 /vagrant/lib/Cake/Core/App.php(902): App::_checkFatalError()
#4 [internal function]: App::shutdown()
#5 {main}
2014-03-21 00:40:18 Error: Fatal Error (4): syntax error, unexpected ';' in [/vagrant/app/Controller/BweetsController.php, line 12]
2014-03-21 00:40:18 Error: [FatalErrorException] syntax error, unexpected ';'
Request URL: /
Stack Trace:
#0 /vagrant/lib/Cake/Error/ErrorHandler.php(203): ErrorHandler::handleFatalError(4, 'syntax error, u...', '/vagrant/app/Co...', 12)
#1 [internal function]: ErrorHandler::handleError(4, 'syntax error, u...', '/vagrant/app/Co...', 12, Array)
#2 /vagrant/lib/Cake/Core/App.php(929): call_user_func('ErrorHandler::h...', 4, 'syntax error, u...', '/vagrant/app/Co...', 12, Array)
#3 /vagrant/lib/Cake/Core/App.php(902): App::_checkFatalError()
#4 [internal function]: App::shutdown()
#5 {main}
2014-03-21 00:40:37 Error: Fatal Error (4): syntax error, unexpected ';' in [/vagrant/app/Controller/BweetsController.php, line 12]
2014-03-21 00:40:37 Error: [FatalErrorException] syntax error, unexpected ';'
Request URL: /
Stack Trace:
#0 /vagrant/lib/Cake/Error/ErrorHandler.php(203): ErrorHandler::handleFatalError(4, 'syntax error, u...', '/vagrant/app/Co...', 12)
#1 [internal function]: ErrorHandler::handleError(4, 'syntax error, u...', '/vagrant/app/Co...', 12, Array)
#2 /vagrant/lib/Cake/Core/App.php(929): call_user_func('ErrorHandler::h...', 4, 'syntax error, u...', '/vagrant/app/Co...', 12, Array)
#3 /vagrant/lib/Cake/Core/App.php(902): App::_checkFatalError()
#4 [internal function]: App::shutdown()
#5 {main}
2014-03-21 00:41:33 Error: Fatal Error (4): syntax error, unexpected ';' in [/vagrant/app/Controller/BweetsController.php, line 12]
2014-03-21 00:41:33 Error: [FatalErrorException] syntax error, unexpected ';'
Request URL: /
Stack Trace:
#0 /vagrant/lib/Cake/Error/ErrorHandler.php(203): ErrorHandler::handleFatalError(4, 'syntax error, u...', '/vagrant/app/Co...', 12)
#1 [internal function]: ErrorHandler::handleError(4, 'syntax error, u...', '/vagrant/app/Co...', 12, Array)
#2 /vagrant/lib/Cake/Core/App.php(929): call_user_func('ErrorHandler::h...', 4, 'syntax error, u...', '/vagrant/app/Co...', 12, Array)
#3 /vagrant/lib/Cake/Core/App.php(902): App::_checkFatalError()
#4 [internal function]: App::shutdown()
#5 {main}
2014-03-21 00:54:14 Error: Fatal Error (4): syntax error, unexpected 'var' (T_VAR) in [/vagrant/app/Controller/BweetsController.php, line 31]
2014-03-21 00:54:14 Error: [FatalErrorException] syntax error, unexpected 'var' (T_VAR)
Request URL: /
Stack Trace:
#0 /vagrant/lib/Cake/Error/ErrorHandler.php(203): ErrorHandler::handleFatalError(4, 'syntax error, u...', '/vagrant/app/Co...', 31)
#1 [internal function]: ErrorHandler::handleError(4, 'syntax error, u...', '/vagrant/app/Co...', 31, Array)
#2 /vagrant/lib/Cake/Core/App.php(929): call_user_func('ErrorHandler::h...', 4, 'syntax error, u...', '/vagrant/app/Co...', 31, Array)
#3 /vagrant/lib/Cake/Core/App.php(902): App::_checkFatalError()
#4 [internal function]: App::shutdown()
#5 {main}
2014-03-21 01:35:19 Error: [MissingLayoutException] Layout file "/vagrant/app/View/Layouts/more_show.ctp" is missing.
Exception Attributes: array (
  'file' => '/vagrant/app/View/Layouts/more_show.ctp',
)
Request URL: /bweets/moreShow
Stack Trace:
#0 /vagrant/lib/Cake/View/View.php(504): View->_getLayoutFileName('more_show')
#1 /vagrant/lib/Cake/View/View.php(474): View->renderLayout('', 'more_show')
#2 /vagrant/lib/Cake/Controller/Controller.php(952): View->render(NULL, NULL)
#3 /vagrant/lib/Cake/Routing/Dispatcher.php(192): Controller->render()
#4 /vagrant/lib/Cake/Routing/Dispatcher.php(160): Dispatcher->_invoke(Object(BweetsController), Object(CakeRequest), Object(CakeResponse))
#5 /vagrant/app/webroot/index.php(108): Dispatcher->dispatch(Object(CakeRequest), Object(CakeResponse))
#6 {main}
2014-03-21 01:40:16 Error: Fatal Error (4): syntax error, unexpected ';' in [/vagrant/app/Controller/BweetsController.php, line 34]
2014-03-21 01:40:16 Error: [FatalErrorException] syntax error, unexpected ';'
Request URL: /
Stack Trace:
#0 /vagrant/lib/Cake/Error/ErrorHandler.php(203): ErrorHandler::handleFatalError(4, 'syntax error, u...', '/vagrant/app/Co...', 34)
#1 [internal function]: ErrorHandler::handleError(4, 'syntax error, u...', '/vagrant/app/Co...', 34, Array)
#2 /vagrant/lib/Cake/Core/App.php(929): call_user_func('ErrorHandler::h...', 4, 'syntax error, u...', '/vagrant/app/Co...', 34, Array)
#3 /vagrant/lib/Cake/Core/App.php(902): App::_checkFatalError()
#4 [internal function]: App::shutdown()
#5 {main}
2014-03-21 02:14:43 Error: Fatal Error (4): syntax error, unexpected ';' in [/vagrant/app/Controller/BweetsController.php, line 23]
2014-03-21 02:14:43 Error: [FatalErrorException] syntax error, unexpected ';'
Request URL: /
Stack Trace:
#0 /vagrant/lib/Cake/Error/ErrorHandler.php(203): ErrorHandler::handleFatalError(4, 'syntax error, u...', '/vagrant/app/Co...', 23)
#1 [internal function]: ErrorHandler::handleError(4, 'syntax error, u...', '/vagrant/app/Co...', 23, Array)
#2 /vagrant/lib/Cake/Core/App.php(929): call_user_func('ErrorHandler::h...', 4, 'syntax error, u...', '/vagrant/app/Co...', 23, Array)
#3 /vagrant/lib/Cake/Core/App.php(902): App::_checkFatalError()
#4 [internal function]: App::shutdown()
#5 {main}
2014-03-21 02:16:13 Error: [PDOException] SQLSTATE[HY000]: General error: 1364 Field 'description' doesn't have a default value
Request URL: /bweets/add
Stack Trace:
#0 /vagrant/lib/Cake/Model/Datasource/DboSource.php(458): PDOStatement->execute(Array)
#1 /vagrant/lib/Cake/Model/Datasource/DboSource.php(424): DboSource->_execute('INSERT INTO `da...', Array)
#2 /vagrant/lib/Cake/Model/Datasource/DboSource.php(1004): DboSource->execute('INSERT INTO `da...')
#3 /vagrant/lib/Cake/Model/Model.php(1832): DboSource->create(Object(Bweet), Array, Array)
#4 /vagrant/app/Controller/BweetsController.php(21): Model->save(Array)
#5 [internal function]: BweetsController->add()
#6 /vagrant/lib/Cake/Controller/Controller.php(490): ReflectionMethod->invokeArgs(Object(BweetsController), Array)
#7 /vagrant/lib/Cake/Routing/Dispatcher.php(185): Controller->invokeAction(Object(CakeRequest))
#8 /vagrant/lib/Cake/Routing/Dispatcher.php(160): Dispatcher->_invoke(Object(BweetsController), Object(CakeRequest), Object(CakeResponse))
#9 /vagrant/app/webroot/index.php(108): Dispatcher->dispatch(Object(CakeRequest), Object(CakeResponse))
#10 {main}
2014-03-21 02:18:45 Error: [PDOException] SQLSTATE[HY000]: General error: 1364 Field 'description' doesn't have a default value
Request URL: /bweets/add
Stack Trace:
#0 /vagrant/lib/Cake/Model/Datasource/DboSource.php(458): PDOStatement->execute(Array)
#1 /vagrant/lib/Cake/Model/Datasource/DboSource.php(424): DboSource->_execute('INSERT INTO `da...', Array)
#2 /vagrant/lib/Cake/Model/Datasource/DboSource.php(1004): DboSource->execute('INSERT INTO `da...')
#3 /vagrant/lib/Cake/Model/Model.php(1832): DboSource->create(Object(Bweet), Array, Array)
#4 /vagrant/app/Controller/BweetsController.php(22): Model->save(Array)
#5 [internal function]: BweetsController->add()
#6 /vagrant/lib/Cake/Controller/Controller.php(490): ReflectionMethod->invokeArgs(Object(BweetsController), Array)
#7 /vagrant/lib/Cake/Routing/Dispatcher.php(185): Controller->invokeAction(Object(CakeRequest))
#8 /vagrant/lib/Cake/Routing/Dispatcher.php(160): Dispatcher->_invoke(Object(BweetsController), Object(CakeRequest), Object(CakeResponse))
#9 /vagrant/app/webroot/index.php(108): Dispatcher->dispatch(Object(CakeRequest), Object(CakeResponse))
#10 {main}
2014-03-21 02:19:40 Error: 
2014-03-21 02:19:40 Error: [PDOException] SQLSTATE[HY000]: General error: 1364 Field 'description' doesn't have a default value
Request URL: /bweets/add
Stack Trace:
#0 /vagrant/lib/Cake/Model/Datasource/DboSource.php(458): PDOStatement->execute(Array)
#1 /vagrant/lib/Cake/Model/Datasource/DboSource.php(424): DboSource->_execute('INSERT INTO `da...', Array)
#2 /vagrant/lib/Cake/Model/Datasource/DboSource.php(1004): DboSource->execute('INSERT INTO `da...')
#3 /vagrant/lib/Cake/Model/Model.php(1832): DboSource->create(Object(Bweet), Array, Array)
#4 /vagrant/app/Controller/BweetsController.php(22): Model->save(Array)
#5 [internal function]: BweetsController->add()
#6 /vagrant/lib/Cake/Controller/Controller.php(490): ReflectionMethod->invokeArgs(Object(BweetsController), Array)
#7 /vagrant/lib/Cake/Routing/Dispatcher.php(185): Controller->invokeAction(Object(CakeRequest))
#8 /vagrant/lib/Cake/Routing/Dispatcher.php(160): Dispatcher->_invoke(Object(BweetsController), Object(CakeRequest), Object(CakeResponse))
#9 /vagrant/app/webroot/index.php(108): Dispatcher->dispatch(Object(CakeRequest), Object(CakeResponse))
#10 {main}
2014-03-21 02:23:09 Error: [PDOException] SQLSTATE[HY000]: General error: 1364 Field 'description' doesn't have a default value
Request URL: /bweets/add
Stack Trace:
#0 /vagrant/lib/Cake/Model/Datasource/DboSource.php(458): PDOStatement->execute(Array)
#1 /vagrant/lib/Cake/Model/Datasource/DboSource.php(424): DboSource->_execute('INSERT INTO `da...', Array)
#2 /vagrant/lib/Cake/Model/Datasource/DboSource.php(1004): DboSource->execute('INSERT INTO `da...')
#3 /vagrant/lib/Cake/Model/Model.php(1832): DboSource->create(Object(Bweet), Array, Array)
#4 /vagrant/app/Controller/BweetsController.php(21): Model->save(Array)
#5 [internal function]: BweetsController->add()
#6 /vagrant/lib/Cake/Controller/Controller.php(490): ReflectionMethod->invokeArgs(Object(BweetsController), Array)
#7 /vagrant/lib/Cake/Routing/Dispatcher.php(185): Controller->invokeAction(Object(CakeRequest))
#8 /vagrant/lib/Cake/Routing/Dispatcher.php(160): Dispatcher->_invoke(Object(BweetsController), Object(CakeRequest), Object(CakeResponse))
#9 /vagrant/app/webroot/index.php(108): Dispatcher->dispatch(Object(CakeRequest), Object(CakeResponse))
#10 {main}
2014-03-21 02:27:35 Error: [PDOException] SQLSTATE[HY000]: General error: 1364 Field 'description' doesn't have a default value
Request URL: /bweets/add
Stack Trace:
#0 /vagrant/lib/Cake/Model/Datasource/DboSource.php(458): PDOStatement->execute(Array)
#1 /vagrant/lib/Cake/Model/Datasource/DboSource.php(424): DboSource->_execute('INSERT INTO `da...', Array)
#2 /vagrant/lib/Cake/Model/Datasource/DboSource.php(1004): DboSource->execute('INSERT INTO `da...')
#3 /vagrant/lib/Cake/Model/Model.php(1832): DboSource->create(Object(Bweet), Array, Array)
#4 /vagrant/app/Controller/BweetsController.php(21): Model->save(Array)
#5 [internal function]: BweetsController->add()
#6 /vagrant/lib/Cake/Controller/Controller.php(490): ReflectionMethod->invokeArgs(Object(BweetsController), Array)
#7 /vagrant/lib/Cake/Routing/Dispatcher.php(185): Controller->invokeAction(Object(CakeRequest))
#8 /vagrant/lib/Cake/Routing/Dispatcher.php(160): Dispatcher->_invoke(Object(BweetsController), Object(CakeRequest), Object(CakeResponse))
#9 /vagrant/app/webroot/index.php(108): Dispatcher->dispatch(Object(CakeRequest), Object(CakeResponse))
#10 {main}
2014-03-21 02:30:01 Error: 
2014-03-21 02:30:02 Error: 
2014-03-21 02:30:03 Error: 
2014-03-21 02:33:34 Error: aaaaaaaaa
2014-03-21 02:33:34 Error: 
2014-03-21 02:46:47 Error: Fatal Error (4): syntax error, unexpected '<' in [/vagrant/app/View/Bweets/index.ctp, line 10]
2014-03-21 02:46:47 Error: [FatalErrorException] syntax error, unexpected '<'
Request URL: /
Stack Trace:
#0 /vagrant/lib/Cake/Error/ErrorHandler.php(203): ErrorHandler::handleFatalError(4, 'syntax error, u...', '/vagrant/app/Vi...', 10)
#1 [internal function]: ErrorHandler::handleError(4, 'syntax error, u...', '/vagrant/app/Vi...', 10, Array)
#2 /vagrant/lib/Cake/Core/App.php(929): call_user_func('ErrorHandler::h...', 4, 'syntax error, u...', '/vagrant/app/Vi...', 10, Array)
#3 /vagrant/lib/Cake/Core/App.php(902): App::_checkFatalError()
#4 [internal function]: App::shutdown()
#5 {main}
2014-03-21 03:19:23 Error: Fatal Error (4): syntax error, unexpected 'public' (T_PUBLIC) in [/vagrant/app/Controller/BweetsController.php, line 2]
2014-03-21 03:19:23 Error: [FatalErrorException] syntax error, unexpected 'public' (T_PUBLIC)
Request URL: /
Stack Trace:
#0 /vagrant/lib/Cake/Error/ErrorHandler.php(203): ErrorHandler::handleFatalError(4, 'syntax error, u...', '/vagrant/app/Co...', 2)
#1 [internal function]: ErrorHandler::handleError(4, 'syntax error, u...', '/vagrant/app/Co...', 2, Array)
#2 /vagrant/lib/Cake/Core/App.php(929): call_user_func('ErrorHandler::h...', 4, 'syntax error, u...', '/vagrant/app/Co...', 2, Array)
#3 /vagrant/lib/Cake/Core/App.php(902): App::_checkFatalError()
#4 [internal function]: App::shutdown()
#5 {main}
2014-03-21 03:21:28 Error: [BadRequestException] The request has been black-holed
Request URL: /bweets/add
Stack Trace:
#0 /vagrant/lib/Cake/Controller/Component/SecurityComponent.php(239): SecurityComponent->blackHole(Object(BweetsController), 'auth')
#1 [internal function]: SecurityComponent->startup(Object(BweetsController))
#2 /vagrant/lib/Cake/Utility/ObjectCollection.php(132): call_user_func_array(Array, Array)
#3 [internal function]: ObjectCollection->trigger(Object(CakeEvent))
#4 /vagrant/lib/Cake/Event/CakeEventManager.php(247): call_user_func(Array, Object(CakeEvent))
#5 /vagrant/lib/Cake/Controller/Controller.php(675): CakeEventManager->dispatch(Object(CakeEvent))
#6 /vagrant/lib/Cake/Routing/Dispatcher.php(182): Controller->startupProcess()
#7 /vagrant/lib/Cake/Routing/Dispatcher.php(160): Dispatcher->_invoke(Object(BweetsController), Object(CakeRequest), Object(CakeResponse))
#8 /vagrant/app/webroot/index.php(108): Dispatcher->dispatch(Object(CakeRequest), Object(CakeResponse))
#9 {main}
2014-03-21 03:22:33 Error: [BadRequestException] The request has been black-holed
Request URL: /bweets/add
Stack Trace:
#0 /vagrant/lib/Cake/Controller/Component/SecurityComponent.php(239): SecurityComponent->blackHole(Object(BweetsController), 'auth')
#1 [internal function]: SecurityComponent->startup(Object(BweetsController))
#2 /vagrant/lib/Cake/Utility/ObjectCollection.php(132): call_user_func_array(Array, Array)
#3 [internal function]: ObjectCollection->trigger(Object(CakeEvent))
#4 /vagrant/lib/Cake/Event/CakeEventManager.php(247): call_user_func(Array, Object(CakeEvent))
#5 /vagrant/lib/Cake/Controller/Controller.php(675): CakeEventManager->dispatch(Object(CakeEvent))
#6 /vagrant/lib/Cake/Routing/Dispatcher.php(182): Controller->startupProcess()
#7 /vagrant/lib/Cake/Routing/Dispatcher.php(160): Dispatcher->_invoke(Object(BweetsController), Object(CakeRequest), Object(CakeResponse))
#8 /vagrant/app/webroot/index.php(108): Dispatcher->dispatch(Object(CakeRequest), Object(CakeResponse))
#9 {main}
2014-03-21 03:23:02 Error: [BadRequestException] The request has been black-holed
Request URL: /bweets/add
Stack Trace:
#0 /vagrant/lib/Cake/Controller/Component/SecurityComponent.php(239): SecurityComponent->blackHole(Object(BweetsController), 'auth')
#1 [internal function]: SecurityComponent->startup(Object(BweetsController))
#2 /vagrant/lib/Cake/Utility/ObjectCollection.php(132): call_user_func_array(Array, Array)
#3 [internal function]: ObjectCollection->trigger(Object(CakeEvent))
#4 /vagrant/lib/Cake/Event/CakeEventManager.php(247): call_user_func(Array, Object(CakeEvent))
#5 /vagrant/lib/Cake/Controller/Controller.php(675): CakeEventManager->dispatch(Object(CakeEvent))
#6 /vagrant/lib/Cake/Routing/Dispatcher.php(182): Controller->startupProcess()
#7 /vagrant/lib/Cake/Routing/Dispatcher.php(160): Dispatcher->_invoke(Object(BweetsController), Object(CakeRequest), Object(CakeResponse))
#8 /vagrant/app/webroot/index.php(108): Dispatcher->dispatch(Object(CakeRequest), Object(CakeResponse))
#9 {main}
2014-03-21 03:23:35 Error: [BadRequestException] The request has been black-holed
Request URL: /bweets/add
Stack Trace:
#0 /vagrant/lib/Cake/Controller/Component/SecurityComponent.php(242): SecurityComponent->blackHole(Object(BweetsController), 'csrf')
#1 [internal function]: SecurityComponent->startup(Object(BweetsController))
#2 /vagrant/lib/Cake/Utility/ObjectCollection.php(132): call_user_func_array(Array, Array)
#3 [internal function]: ObjectCollection->trigger(Object(CakeEvent))
#4 /vagrant/lib/Cake/Event/CakeEventManager.php(247): call_user_func(Array, Object(CakeEvent))
#5 /vagrant/lib/Cake/Controller/Controller.php(675): CakeEventManager->dispatch(Object(CakeEvent))
#6 /vagrant/lib/Cake/Routing/Dispatcher.php(182): Controller->startupProcess()
#7 /vagrant/lib/Cake/Routing/Dispatcher.php(160): Dispatcher->_invoke(Object(BweetsController), Object(CakeRequest), Object(CakeResponse))
#8 /vagrant/app/webroot/index.php(108): Dispatcher->dispatch(Object(CakeRequest), Object(CakeResponse))
#9 {main}
2014-03-21 03:24:01 Error: [BadRequestException] The request has been black-holed
Request URL: /bweets/add
Stack Trace:
#0 /vagrant/lib/Cake/Controller/Component/SecurityComponent.php(242): SecurityComponent->blackHole(Object(BweetsController), 'csrf')
#1 [internal function]: SecurityComponent->startup(Object(BweetsController))
#2 /vagrant/lib/Cake/Utility/ObjectCollection.php(132): call_user_func_array(Array, Array)
#3 [internal function]: ObjectCollection->trigger(Object(CakeEvent))
#4 /vagrant/lib/Cake/Event/CakeEventManager.php(247): call_user_func(Array, Object(CakeEvent))
#5 /vagrant/lib/Cake/Controller/Controller.php(675): CakeEventManager->dispatch(Object(CakeEvent))
#6 /vagrant/lib/Cake/Routing/Dispatcher.php(182): Controller->startupProcess()
#7 /vagrant/lib/Cake/Routing/Dispatcher.php(160): Dispatcher->_invoke(Object(BweetsController), Object(CakeRequest), Object(CakeResponse))
#8 /vagrant/app/webroot/index.php(108): Dispatcher->dispatch(Object(CakeRequest), Object(CakeResponse))
#9 {main}
